<?xml version="1.0" encoding="UTF-8"?>
<testsuite xmlns:xsi="http://www.w3.org/2001/XMLSchema-instance" xsi:noNamespaceSchemaLocation="https://maven.apache.org/surefire/maven-surefire-plugin/xsd/surefire-test-report-3.0.xsd" version="3.0" name="org.example.PersonTest" time="0.105" tests="1" errors="0" skipped="0" failures="0">
  <properties>
    <property name="java.specification.version" value="17"/>
    <property name="sun.cpu.isalist" value="amd64"/>
    <property name="sun.jnu.encoding" value="Cp1252"/>
    <property name="java.class.path" value="C:\Users\Dell Vostro 5 5000\Desktop\s9\devMobile\tpDevOpsSonarJenkins\atelier2\target\test-classes;C:\Users\Dell Vostro 5 5000\Desktop\s9\devMobile\tpDevOpsSonarJenkins\atelier2\target\classes;C:\Users\Dell Vostro 5 5000\.m2\repository\org\junit\jupiter\junit-jupiter-api\5.10.0\junit-jupiter-api-5.10.0.jar;C:\Users\Dell Vostro 5 5000\.m2\repository\org\opentest4j\opentest4j\1.3.0\opentest4j-1.3.0.jar;C:\Users\Dell Vostro 5 5000\.m2\repository\org\junit\platform\junit-platform-commons\1.10.0\junit-platform-commons-1.10.0.jar;C:\Users\Dell Vostro 5 5000\.m2\repository\org\apiguardian\apiguardian-api\1.1.2\apiguardian-api-1.1.2.jar;C:\Users\Dell Vostro 5 5000\.m2\repository\org\junit\jupiter\junit-jupiter-engine\5.10.0\junit-jupiter-engine-5.10.0.jar;C:\Users\Dell Vostro 5 5000\.m2\repository\org\junit\platform\junit-platform-engine\1.10.0\junit-platform-engine-1.10.0.jar;"/>
    <property name="java.vm.vendor" value="Amazon.com Inc."/>
    <property name="sun.arch.data.model" value="64"/>
    <property name="user.variant" value=""/>
    <property name="java.vendor.url" value="https://aws.amazon.com/corretto/"/>
    <property name="user.timezone" value="Africa/Casablanca"/>
    <property name="os.name" value="Windows 10"/>
    <property name="java.vm.specification.version" value="17"/>
    <property name="sun.java.launcher" value="SUN_STANDARD"/>
    <property name="user.country" value="FR"/>
    <property name="sun.boot.library.path" value="C:\Program Files\Amazon Corretto\jdk17.0.14_7\bin"/>
    <property name="sun.java.command" value="C:\Users\Dell Vostro 5 5000\AppData\Local\Temp\surefire2472747871059767796\surefirebooter-20251022162857537_3.jar C:\Users\Dell Vostro 5 5000\AppData\Local\Temp\surefire2472747871059767796 2025-10-22T16-28-56_811-jvmRun1 surefire-20251022162857537_1tmp surefire_0-20251022162857537_2tmp"/>
    <property name="jdk.debug" value="release"/>
    <property name="surefire.test.class.path" value="C:\Users\Dell Vostro 5 5000\Desktop\s9\devMobile\tpDevOpsSonarJenkins\atelier2\target\test-classes;C:\Users\Dell Vostro 5 5000\Desktop\s9\devMobile\tpDevOpsSonarJenkins\atelier2\target\classes;C:\Users\Dell Vostro 5 5000\.m2\repository\org\junit\jupiter\junit-jupiter-api\5.10.0\junit-jupiter-api-5.10.0.jar;C:\Users\Dell Vostro 5 5000\.m2\repository\org\opentest4j\opentest4j\1.3.0\opentest4j-1.3.0.jar;C:\Users\Dell Vostro 5 5000\.m2\repository\org\junit\platform\junit-platform-commons\1.10.0\junit-platform-commons-1.10.0.jar;C:\Users\Dell Vostro 5 5000\.m2\repository\org\apiguardian\apiguardian-api\1.1.2\apiguardian-api-1.1.2.jar;C:\Users\Dell Vostro 5 5000\.m2\repository\org\junit\jupiter\junit-jupiter-engine\5.10.0\junit-jupiter-engine-5.10.0.jar;C:\Users\Dell Vostro 5 5000\.m2\repository\org\junit\platform\junit-platform-engine\1.10.0\junit-platform-engine-1.10.0.jar;"/>
    <property name="sun.cpu.endian" value="little"/>
    <property name="user.home" value="C:\Users\Dell Vostro 5 5000"/>
    <property name="user.language" value="fr"/>
    <property name="java.specification.vendor" value="Oracle Corporation"/>
    <property name="java.version.date" value="2025-01-21"/>
    <property name="java.home" value="C:\Program Files\Amazon Corretto\jdk17.0.14_7"/>
    <property name="file.separator" value="\"/>
    <property name="basedir" value="C:\Users\Dell Vostro 5 5000\Desktop\s9\devMobile\tpDevOpsSonarJenkins\atelier2"/>
    <property name="java.vm.compressedOopsMode" value="Zero based"/>
    <property name="line.separator" value="&#10;"/>
    <property name="java.vm.specification.vendor" value="Oracle Corporation"/>
    <property name="java.specification.name" value="Java Platform API Specification"/>
    <property name="surefire.real.class.path" value="C:\Users\Dell Vostro 5 5000\AppData\Local\Temp\surefire2472747871059767796\surefirebooter-20251022162857537_3.jar"/>
    <property name="user.script" value=""/>
    <property name="sun.management.compiler" value="HotSpot 64-Bit Tiered Compilers"/>
    <property name="java.runtime.version" value="17.0.14+7-LTS"/>
    <property name="user.name" value="Dell Vostro 5 5000"/>
    <property name="path.separator" value=";"/>
    <property name="os.version" value="10.0"/>
    <property name="java.runtime.name" value="OpenJDK Runtime Environment"/>
    <property name="file.encoding" value="Cp1252"/>
    <property name="java.vm.name" value="OpenJDK 64-Bit Server VM"/>
    <property name="java.vendor.version" value="Corretto-17.0.14.7.1"/>
    <property name="localRepository" value="C:\Users\Dell Vostro 5 5000\.m2\repository"/>
    <property name="java.vendor.url.bug" value="https://github.com/corretto/corretto-17/issues/"/>
    <property name="java.io.tmpdir" value="C:\Users\DELLVO~1\AppData\Local\Temp\"/>
    <property name="java.version" value="17.0.14"/>
    <property name="user.dir" value="C:\Users\Dell Vostro 5 5000\Desktop\s9\devMobile\tpDevOpsSonarJenkins\atelier2"/>
    <property name="os.arch" value="amd64"/>
    <property name="java.vm.specification.name" value="Java Virtual Machine Specification"/>
    <property name="sun.os.patch.level" value=""/>
    <property name="native.encoding" value="Cp1252"/>
    <property name="java.library.path" value="C:\Program Files\Amazon Corretto\jdk17.0.14_7\bin;C:\Windows\Sun\Java\bin;C:\Windows\system32;C:\Windows;C:\Program Files\Amazon Corretto\jdk17.0.14_7\bin;C:\app\dbhomeFree\bin;C:\Program Files (x86)\Common Files\Oracle\Java\javapath;C:\Windows\system32;C:\Windows;C:\Windows\System32\Wbem;C:\Windows\System32\WindowsPowerShell\v1.0\;C:\Windows\System32\OpenSSH\;C:\Program Files\Java\jdk1.8.0_271\bin;C:\Program Files\Java\jdk-11\bin;D:\LINGO64_20\;C:\Maven\apache-maven-3.9.9\bin;C:\Program Files\Git\cmd;C:\Program Files (x86)\Yarn\bin\;C:\TDM-GCC-64\bin;C:\ProgramData\chocolatey\bin;C:\Program Files\Vagrant\bin;C:\Program Files\Amazon\AWSCLIV2\;C:\Program Files\Microsoft SQL Server\150\Tools\Binn\;C:\Program Files\PostgreSQL\17\bin;C:\nvm;C:\nodejs;C:\nvm;C:\nodejs;;C:\Program Files\Docker\Docker\resources\bin;C:\Ruby31-x64\bin;C:\Users\Dell Vostro 5 5000\AppData\Local\Programs\Python\Python311\Scripts\;C:\Users\Dell Vostro 5 5000\AppData\Local\Programs\Python\Python311\;C:\Users\Dell Vostro 5 5000\AppData\Local\Microsoft\WindowsApps;C:\Users\Dell Vostro 5 5000\AppData\Local\Programs\Microsoft VS Code\bin;C:\Users\Dell Vostro 5 5000\AppData\Local\JetBrains\Toolbox\scripts;C:\Users\Dell Vostro 5 5000\Desktop\school\s7\cryptographie\steghide;C:\Users\Dell Vostro 5 5000\AppData\Local\Yarn\bin;C:\Program Files\Oracle\VirtualBox;C:\xampp\htdocs\new\bin;C:\xampp\php;C:\ProgramData\mingw64\mingw64\bin;C:\Users\Dell Vostro 5 5000\AppData\Local\Programs\cursor\resources\app\bin;."/>
    <property name="java.vm.info" value="mixed mode, sharing"/>
    <property name="java.vendor" value="Amazon.com Inc."/>
    <property name="java.vm.version" value="17.0.14+7-LTS"/>
    <property name="java.specification.maintenance.version" value="1"/>
    <property name="sun.io.unicode.encoding" value="UnicodeLittle"/>
    <property name="java.class.version" value="61.0"/>
  </properties>
  <testcase name="testGetDisplayName" classname="org.example.PersonTest" time="0.061"/>
</testsuite>